Determining if the pthread_create exist failed with the following output:
Change Dir: /home/best_jill_forever/catkin_ws/build/orb_slam_2_ros/CMakeFiles/CMakeTmp

Run Build Command:"/usr/bin/make" "cmTC_e392d/fast"
/usr/bin/make -f CMakeFiles/cmTC_e392d.dir/build.make CMakeFiles/cmTC_e392d.dir/build
make[1]: Entering directory '/home/best_jill_forever/catkin_ws/build/orb_slam_2_ros/CMakeFiles/CMakeTmp'
Building C object CMakeFiles/cmTC_e392d.dir/CheckSymbolExists.c.o
/usr/bin/cc     -o CMakeFiles/cmTC_e392d.dir/CheckSymbolExists.c.o   -c /home/best_jill_forever/catkin_ws/build/orb_slam_2_ros/CMakeFiles/CMakeTmp/CheckSymbolExists.c
Linking C executable cmTC_e392d
/usr/bin/cmake -E cmake_link_script CMakeFiles/cmTC_e392d.dir/link.txt --verbose=1
/usr/bin/cc       CMakeFiles/cmTC_e392d.dir/CheckSymbolExists.c.o  -o cmTC_e392d -rdynamic 
CMakeFiles/cmTC_e392d.dir/CheckSymbolExists.c.o: In function `main':
CheckSymbolExists.c:(.text+0x16): undefined reference to `pthread_create'
collect2: error: ld returned 1 exit status
CMakeFiles/cmTC_e392d.dir/build.make:97: recipe for target 'cmTC_e392d' failed
make[1]: *** [cmTC_e392d] Error 1
make[1]: Leaving directory '/home/best_jill_forever/catkin_ws/build/orb_slam_2_ros/CMakeFiles/CMakeTmp'
Makefile:126: recipe for target 'cmTC_e392d/fast' failed
make: *** [cmTC_e392d/fast] Error 2

File /home/best_jill_forever/catkin_ws/build/orb_slam_2_ros/CMakeFiles/CMakeTmp/CheckSymbolExists.c:
/* */
#include <pthread.h>

int main(int argc, char** argv)
{
  (void)argv;
#ifndef pthread_create
  return ((int*)(&pthread_create))[argc];
#else
  (void)argc;
  return 0;
#endif
}

Determining if the function pthread_create exists in the pthreads failed with the following output:
Change Dir: /home/best_jill_forever/catkin_ws/build/orb_slam_2_ros/CMakeFiles/CMakeTmp

Run Build Command:"/usr/bin/make" "cmTC_39a1a/fast"
/usr/bin/make -f CMakeFiles/cmTC_39a1a.dir/build.make CMakeFiles/cmTC_39a1a.dir/build
make[1]: Entering directory '/home/best_jill_forever/catkin_ws/build/orb_slam_2_ros/CMakeFiles/CMakeTmp'
Building C object CMakeFiles/cmTC_39a1a.dir/CheckFunctionExists.c.o
/usr/bin/cc    -DCHECK_FUNCTION_EXISTS=pthread_create   -o CMakeFiles/cmTC_39a1a.dir/CheckFunctionExists.c.o   -c /usr/share/cmake-3.5/Modules/CheckFunctionExists.c
Linking C executable cmTC_39a1a
/usr/bin/cmake -E cmake_link_script CMakeFiles/cmTC_39a1a.dir/link.txt --verbose=1
/usr/bin/cc   -DCHECK_FUNCTION_EXISTS=pthread_create    CMakeFiles/cmTC_39a1a.dir/CheckFunctionExists.c.o  -o cmTC_39a1a -rdynamic -lpthreads 
/usr/bin/ld: cannot find -lpthreads
collect2: error: ld returned 1 exit status
CMakeFiles/cmTC_39a1a.dir/build.make:97: recipe for target 'cmTC_39a1a' failed
make[1]: *** [cmTC_39a1a] Error 1
make[1]: Leaving directory '/home/best_jill_forever/catkin_ws/build/orb_slam_2_ros/CMakeFiles/CMakeTmp'
Makefile:126: recipe for target 'cmTC_39a1a/fast' failed
make: *** [cmTC_39a1a/fast] Error 2


