[[36mimage_undistort[0m] [1m[34m==>[0m '[1m/home/best_jill_forever/catkin_ws/build/image_undistort/build_env.sh /usr/bin/make cmake_check_build_system[0m' [30m[1min[0m '[1m/home/best_jill_forever/catkin_ws/build/image_undistort[0m'[0m
[[36mimage_undistort[0m] [32m<==[0m '[1m/home/best_jill_forever/catkin_ws/build/image_undistort/build_env.sh /usr/bin/make cmake_check_build_system[0m' finished with return code '[1m0[0m'[0m
[[36mimage_undistort[0m] [1m[34m==>[0m '[1m/home/best_jill_forever/catkin_ws/build/image_undistort/build_env.sh /usr/bin/make --jobserver-fds=3,6 -j[0m' [30m[1min[0m '[1m/home/best_jill_forever/catkin_ws/build/image_undistort[0m'[0m
[  0%] Built target sensor_msgs_generate_messages_lisp
[  0%] Built target tf2_msgs_generate_messages_lisp
[  9%] Built target dense_stereo_node
[ 19%] Built target stereo_info_node
[ 19%] Built target actionlib_msgs_generate_messages_py
[ 19%] Built target tf2_msgs_generate_messages_cpp
[ 19%] Built target actionlib_msgs_generate_messages_lisp
[ 19%] Built target actionlib_msgs_generate_messages_eus
[ 19%] Built target actionlib_generate_messages_py
[ 19%] Built target actionlib_generate_messages_lisp
[ 19%] Built target actionlib_generate_messages_eus
[ 19%] Built target tf_generate_messages_py
[ 19%] Built target tf_generate_messages_eus
[ 19%] Built target tf2_msgs_generate_messages_py
[ 19%] Built target actionlib_msgs_generate_messages_nodejs
[ 19%] Built target topic_tools_generate_messages_py
[ 19%] Built target topic_tools_generate_messages_nodejs
[ 19%] Built target topic_tools_generate_messages_lisp
[ 19%] Built target std_srvs_generate_messages_cpp
[ 19%] Built target geometry_msgs_generate_messages_nodejs
[ 19%] Built target geometry_msgs_generate_messages_eus
[ 19%] Built target actionlib_generate_messages_cpp
[ 19%] Built target sensor_msgs_generate_messages_py
[ 19%] Built target sensor_msgs_generate_messages_nodejs
[ 19%] Built target dynamic_reconfigure_generate_messages_cpp
[ 19%] Built target std_srvs_generate_messages_lisp
[ 19%] Built target geometry_msgs_generate_messages_lisp
[ 19%] Built target bond_generate_messages_py
[ 19%] Built target std_srvs_generate_messages_py
[ 19%] Built target std_msgs_generate_messages_eus
[ 19%] Built target geometry_msgs_generate_messages_cpp
[ 19%] Built target pcl_ros_gencfg
[ 19%] Built target roscpp_generate_messages_lisp
[ 19%] Built target dynamic_reconfigure_generate_messages_lisp
[ 19%] Built target std_msgs_generate_messages_py
[ 19%] Built target dynamic_reconfigure_generate_messages_nodejs
[ 19%] Built target rosgraph_msgs_generate_messages_py
[ 19%] Built target tf_generate_messages_lisp
[ 19%] Built target rosgraph_msgs_generate_messages_lisp
[ 19%] Built target roscpp_generate_messages_nodejs
[ 19%] Built target rosgraph_msgs_generate_messages_nodejs
[ 19%] Built target pcl_msgs_generate_messages_lisp
[ 19%] Built target tf_generate_messages_cpp
[ 19%] Built target std_srvs_generate_messages_eus
[ 19%] Built target std_msgs_generate_messages_lisp
[ 19%] Built target nodelet_generate_messages_lisp
[ 19%] Built target nodelet_generate_messages_py
[ 19%] Built target bond_generate_messages_cpp
[ 19%] Built target roscpp_generate_messages_cpp
[ 19%] Built target geometry_msgs_generate_messages_py
[ 19%] Built target std_msgs_generate_messages_nodejs
[ 19%] Built target tf2_msgs_generate_messages_eus
[ 19%] Built target nodelet_generate_messages_cpp
[ 19%] Built target rosgraph_msgs_generate_messages_eus
[ 19%] Built target tf_generate_messages_nodejs
[ 19%] Built target roscpp_generate_messages_py
[ 19%] Built target dynamic_reconfigure_generate_messages_py
[ 19%] Built target dynamic_reconfigure_generate_messages_eus
[ 19%] Built target dynamic_reconfigure_gencfg
[ 19%] Built target std_srvs_generate_messages_nodejs
[ 19%] Built target pcl_msgs_generate_messages_nodejs
[ 19%] Built target nodelet_generate_messages_nodejs
[ 19%] Built target roscpp_generate_messages_eus
[ 19%] Built target bond_generate_messages_eus
[ 19%] Built target topic_tools_generate_messages_eus
[ 19%] Built target topic_tools_generate_messages_cpp
[ 19%] Built target bond_generate_messages_lisp
[ 19%] Built target pcl_msgs_generate_messages_cpp
[ 19%] Built target tf2_msgs_generate_messages_nodejs
[ 19%] Built target nodelet_generate_messages_eus
[ 19%] Built target bond_generate_messages_nodejs
[ 19%] Built target nodelet_topic_tools_gencfg
[ 19%] Built target pcl_msgs_generate_messages_eus
[ 19%] Built target rosgraph_msgs_generate_messages_cpp
[ 19%] Built target pcl_msgs_generate_messages_py
[ 19%] Built target sensor_msgs_generate_messages_cpp
[ 19%] Built target actionlib_msgs_generate_messages_cpp
[ 19%] Built target std_msgs_generate_messages_cpp
[ 19%] Built target actionlib_generate_messages_nodejs
[ 19%] Built target sensor_msgs_generate_messages_eus
[ 28%] Built target stereo_undistort_node
[ 38%] Built target image_undistort_node
[ 47%] Built target depth_node
[100%] Built target image_undistort_nodelet
[[36mimage_undistort[0m] [32m<==[0m '[1m/home/best_jill_forever/catkin_ws/build/image_undistort/build_env.sh /usr/bin/make --jobserver-fds=3,6 -j[0m' finished with return code '[1m0[0m'[0m
