[[36mvoxblox_msgs[0m] [1m[34m==>[0m '[1m/home/best_jill_forever/catkin_ws/build/voxblox_msgs/build_env.sh /usr/bin/make cmake_check_build_system[0m' [30m[1min[0m '[1m/home/best_jill_forever/catkin_ws/build/voxblox_msgs[0m'[0m
[[36mvoxblox_msgs[0m] [32m<==[0m '[1m/home/best_jill_forever/catkin_ws/build/voxblox_msgs/build_env.sh /usr/bin/make cmake_check_build_system[0m' finished with return code '[1m0[0m'[0m
[[36mvoxblox_msgs[0m] [1m[34m==>[0m '[1m/home/best_jill_forever/catkin_ws/build/voxblox_msgs/build_env.sh /usr/bin/make --jobserver-fds=3,6 -j[0m' [30m[1min[0m '[1m/home/best_jill_forever/catkin_ws/build/voxblox_msgs[0m'[0m
[  0%] Built target _voxblox_msgs_generate_messages_check_deps_Triangle
[  0%] Built target _voxblox_msgs_generate_messages_check_deps_Mesh
[  0%] Built target _voxblox_msgs_generate_messages_check_deps_MeshBlock
[  0%] Built target std_msgs_generate_messages_cpp
[  0%] Built target _voxblox_msgs_generate_messages_check_deps_VoxelEvaluationDetails
[  0%] Built target _voxblox_msgs_generate_messages_check_deps_FilePath
[  0%] Built target _voxblox_msgs_generate_messages_check_deps_Block
[  0%] Built target _voxblox_msgs_generate_messages_check_deps_Layer
[  0%] Built target std_msgs_generate_messages_py
[  0%] Built target std_msgs_generate_messages_nodejs
[  0%] Built target std_msgs_generate_messages_lisp
[  0%] Built target std_msgs_generate_messages_eus
[ 18%] Built target voxblox_msgs_generate_messages_cpp
[ 42%] Built target voxblox_msgs_generate_messages_py
[ 60%] Built target voxblox_msgs_generate_messages_nodejs
[ 78%] Built target voxblox_msgs_generate_messages_lisp
[100%] Built target voxblox_msgs_generate_messages_eus
[100%] Built target voxblox_msgs_generate_messages
[[36mvoxblox_msgs[0m] [32m<==[0m '[1m/home/best_jill_forever/catkin_ws/build/voxblox_msgs/build_env.sh /usr/bin/make --jobserver-fds=3,6 -j[0m' finished with return code '[1m0[0m'[0m
