[[36mvoxblox_rviz_plugin[0m] [1m[34m==>[0m '[1m/home/best_jill_forever/catkin_ws/build/voxblox_rviz_plugin/build_env.sh /usr/bin/make cmake_check_build_system[0m' [30m[1min[0m '[1m/home/best_jill_forever/catkin_ws/build/voxblox_rviz_plugin[0m'[0m
[[36mvoxblox_rviz_plugin[0m] [32m<==[0m '[1m/home/best_jill_forever/catkin_ws/build/voxblox_rviz_plugin/build_env.sh /usr/bin/make cmake_check_build_system[0m' finished with return code '[1m0[0m'[0m
[[36mvoxblox_rviz_plugin[0m] [1m[34m==>[0m '[1m/home/best_jill_forever/catkin_ws/build/voxblox_rviz_plugin/build_env.sh /usr/bin/make --jobserver-fds=3,6 -j[0m' [30m[1min[0m '[1m/home/best_jill_forever/catkin_ws/build/voxblox_rviz_plugin[0m'[0m
[  0%] Built target voxblox_msgs_generate_messages_py
[ 20%] [34m[1mAutomatic moc for target voxblox_rviz_plugin[0m
[ 20%] Built target voxblox_rviz_plugin_automoc
[ 20%] Built target voxblox_msgs_generate_messages_nodejs
[ 20%] Built target voxblox_msgs_generate_messages_lisp
[ 20%] Built target voxblox_msgs_generate_messages_eus
[ 20%] Built target nav_msgs_generate_messages_nodejs
[ 20%] Built target nav_msgs_generate_messages_lisp
[ 20%] Built target nav_msgs_generate_messages_eus
[ 20%] Built target map_msgs_generate_messages_nodejs
[ 20%] Built target map_msgs_generate_messages_eus
[ 20%] Built target visualization_msgs_generate_messages_py
[ 20%] Built target visualization_msgs_generate_messages_nodejs
[ 20%] Built target voxblox_msgs_generate_messages_cpp
[ 20%] Built target visualization_msgs_generate_messages_lisp
[ 20%] Built target nav_msgs_generate_messages_cpp
[ 20%] Built target tf2_msgs_generate_messages_nodejs
[ 20%] Built target visualization_msgs_generate_messages_cpp
[ 20%] Built target tf2_msgs_generate_messages_lisp
[ 20%] Built target map_msgs_generate_messages_py
[ 20%] Built target tf2_msgs_generate_messages_eus
[ 20%] Built target actionlib_msgs_generate_messages_py
[ 20%] Built target tf2_msgs_generate_messages_cpp
[ 20%] Built target roscpp_generate_messages_nodejs
[ 20%] Built target rosgraph_msgs_generate_messages_lisp
[ 20%] Built target tf_generate_messages_eus
[ 20%] Built target roscpp_generate_messages_eus
[ 20%] Built target std_msgs_generate_messages_eus
[ 20%] Built target roscpp_generate_messages_lisp
[ 20%] Built target geometry_msgs_generate_messages_nodejs
[ 20%] Built target std_msgs_generate_messages_lisp
[ 20%] Built target geometry_msgs_generate_messages_lisp
[ 20%] Built target std_msgs_generate_messages_nodejs
[ 20%] Built target geometry_msgs_generate_messages_py
[ 20%] Built target std_msgs_generate_messages_py
[ 20%] Built target nav_msgs_generate_messages_py
[ 20%] Built target geometry_msgs_generate_messages_eus
[ 20%] Built target roscpp_generate_messages_cpp
[ 20%] Built target map_msgs_generate_messages_cpp
[ 20%] Built target visualization_msgs_generate_messages_eus
[ 20%] Built target rosgraph_msgs_generate_messages_cpp
[ 20%] Built target geometry_msgs_generate_messages_cpp
[ 20%] Built target sensor_msgs_generate_messages_nodejs
[ 20%] Built target tf_generate_messages_cpp
[ 20%] Built target actionlib_generate_messages_eus
[ 20%] Built target rosgraph_msgs_generate_messages_py
[ 20%] Built target tf_generate_messages_lisp
[ 20%] Built target rosgraph_msgs_generate_messages_eus
[ 20%] Built target rosgraph_msgs_generate_messages_nodejs
[ 20%] Built target sensor_msgs_generate_messages_cpp
[ 20%] Built target sensor_msgs_generate_messages_lisp
[ 20%] Built target roscpp_generate_messages_py
[ 20%] Built target tf_generate_messages_nodejs
[ 20%] Built target tf_generate_messages_py
[ 20%] Built target map_msgs_generate_messages_lisp
[ 20%] Built target actionlib_generate_messages_cpp
[ 20%] Built target sensor_msgs_generate_messages_py
[ 20%] Built target actionlib_msgs_generate_messages_nodejs
[ 20%] Built target actionlib_msgs_generate_messages_eus
[ 20%] Built target actionlib_generate_messages_lisp
[ 20%] Built target tf2_msgs_generate_messages_py
[ 20%] Built target std_msgs_generate_messages_cpp
[ 20%] Built target actionlib_msgs_generate_messages_cpp
[ 20%] Built target sensor_msgs_generate_messages_eus
[ 20%] Built target actionlib_generate_messages_nodejs
[ 20%] Built target actionlib_generate_messages_py
[ 20%] Built target actionlib_msgs_generate_messages_lisp
[100%] Built target voxblox_rviz_plugin
[[36mvoxblox_rviz_plugin[0m] [32m<==[0m '[1m/home/best_jill_forever/catkin_ws/build/voxblox_rviz_plugin/build_env.sh /usr/bin/make --jobserver-fds=3,6 -j[0m' finished with return code '[1m0[0m'[0m
