Determining if the pthread_create exist failed with the following output:
Change Dir: /home/best_jill_forever/catkin_ws/build/minkindr/CMakeFiles/CMakeTmp

Run Build Command:"/usr/bin/make" "cmTC_cdd6c/fast"
/usr/bin/make -f CMakeFiles/cmTC_cdd6c.dir/build.make CMakeFiles/cmTC_cdd6c.dir/build
make[1]: Entering directory '/home/best_jill_forever/catkin_ws/build/minkindr/CMakeFiles/CMakeTmp'
Building C object CMakeFiles/cmTC_cdd6c.dir/CheckSymbolExists.c.o
/usr/bin/cc     -o CMakeFiles/cmTC_cdd6c.dir/CheckSymbolExists.c.o   -c /home/best_jill_forever/catkin_ws/build/minkindr/CMakeFiles/CMakeTmp/CheckSymbolExists.c
Linking C executable cmTC_cdd6c
/usr/bin/cmake -E cmake_link_script CMakeFiles/cmTC_cdd6c.dir/link.txt --verbose=1
/usr/bin/cc       CMakeFiles/cmTC_cdd6c.dir/CheckSymbolExists.c.o  -o cmTC_cdd6c -rdynamic 
CMakeFiles/cmTC_cdd6c.dir/CheckSymbolExists.c.o: In function `main':
CheckSymbolExists.c:(.text+0x16): undefined reference to `pthread_create'
collect2: error: ld returned 1 exit status
CMakeFiles/cmTC_cdd6c.dir/build.make:97: recipe for target 'cmTC_cdd6c' failed
make[1]: *** [cmTC_cdd6c] Error 1
make[1]: Leaving directory '/home/best_jill_forever/catkin_ws/build/minkindr/CMakeFiles/CMakeTmp'
Makefile:126: recipe for target 'cmTC_cdd6c/fast' failed
make: *** [cmTC_cdd6c/fast] Error 2

File /home/best_jill_forever/catkin_ws/build/minkindr/CMakeFiles/CMakeTmp/CheckSymbolExists.c:
/* */
#include <pthread.h>

int main(int argc, char** argv)
{
  (void)argv;
#ifndef pthread_create
  return ((int*)(&pthread_create))[argc];
#else
  (void)argc;
  return 0;
#endif
}

Determining if the function pthread_create exists in the pthreads failed with the following output:
Change Dir: /home/best_jill_forever/catkin_ws/build/minkindr/CMakeFiles/CMakeTmp

Run Build Command:"/usr/bin/make" "cmTC_d09dc/fast"
/usr/bin/make -f CMakeFiles/cmTC_d09dc.dir/build.make CMakeFiles/cmTC_d09dc.dir/build
make[1]: Entering directory '/home/best_jill_forever/catkin_ws/build/minkindr/CMakeFiles/CMakeTmp'
Building C object CMakeFiles/cmTC_d09dc.dir/CheckFunctionExists.c.o
/usr/bin/cc    -DCHECK_FUNCTION_EXISTS=pthread_create   -o CMakeFiles/cmTC_d09dc.dir/CheckFunctionExists.c.o   -c /usr/share/cmake-3.5/Modules/CheckFunctionExists.c
Linking C executable cmTC_d09dc
/usr/bin/cmake -E cmake_link_script CMakeFiles/cmTC_d09dc.dir/link.txt --verbose=1
/usr/bin/cc   -DCHECK_FUNCTION_EXISTS=pthread_create    CMakeFiles/cmTC_d09dc.dir/CheckFunctionExists.c.o  -o cmTC_d09dc -rdynamic -lpthreads 
/usr/bin/ld: cannot find -lpthreads
collect2: error: ld returned 1 exit status
CMakeFiles/cmTC_d09dc.dir/build.make:97: recipe for target 'cmTC_d09dc' failed
make[1]: *** [cmTC_d09dc] Error 1
make[1]: Leaving directory '/home/best_jill_forever/catkin_ws/build/minkindr/CMakeFiles/CMakeTmp'
Makefile:126: recipe for target 'cmTC_d09dc/fast' failed
make: *** [cmTC_d09dc/fast] Error 2


