Determining if the pthread_create exist failed with the following output:
Change Dir: /home/best_jill_forever/catkin_ws/build/image_undistort/CMakeFiles/CMakeTmp

Run Build Command:"/usr/bin/make" "cmTC_04447/fast"
/usr/bin/make -f CMakeFiles/cmTC_04447.dir/build.make CMakeFiles/cmTC_04447.dir/build
make[1]: Entering directory '/home/best_jill_forever/catkin_ws/build/image_undistort/CMakeFiles/CMakeTmp'
Building C object CMakeFiles/cmTC_04447.dir/CheckSymbolExists.c.o
/usr/bin/cc     -o CMakeFiles/cmTC_04447.dir/CheckSymbolExists.c.o   -c /home/best_jill_forever/catkin_ws/build/image_undistort/CMakeFiles/CMakeTmp/CheckSymbolExists.c
Linking C executable cmTC_04447
/usr/bin/cmake -E cmake_link_script CMakeFiles/cmTC_04447.dir/link.txt --verbose=1
/usr/bin/cc       CMakeFiles/cmTC_04447.dir/CheckSymbolExists.c.o  -o cmTC_04447 -rdynamic 
CMakeFiles/cmTC_04447.dir/CheckSymbolExists.c.o: In function `main':
CheckSymbolExists.c:(.text+0x16): undefined reference to `pthread_create'
collect2: error: ld returned 1 exit status
CMakeFiles/cmTC_04447.dir/build.make:97: recipe for target 'cmTC_04447' failed
make[1]: *** [cmTC_04447] Error 1
make[1]: Leaving directory '/home/best_jill_forever/catkin_ws/build/image_undistort/CMakeFiles/CMakeTmp'
Makefile:126: recipe for target 'cmTC_04447/fast' failed
make: *** [cmTC_04447/fast] Error 2

File /home/best_jill_forever/catkin_ws/build/image_undistort/CMakeFiles/CMakeTmp/CheckSymbolExists.c:
/* */
#include <pthread.h>

int main(int argc, char** argv)
{
  (void)argv;
#ifndef pthread_create
  return ((int*)(&pthread_create))[argc];
#else
  (void)argc;
  return 0;
#endif
}

Determining if the function pthread_create exists in the pthreads failed with the following output:
Change Dir: /home/best_jill_forever/catkin_ws/build/image_undistort/CMakeFiles/CMakeTmp

Run Build Command:"/usr/bin/make" "cmTC_3843b/fast"
/usr/bin/make -f CMakeFiles/cmTC_3843b.dir/build.make CMakeFiles/cmTC_3843b.dir/build
make[1]: Entering directory '/home/best_jill_forever/catkin_ws/build/image_undistort/CMakeFiles/CMakeTmp'
Building C object CMakeFiles/cmTC_3843b.dir/CheckFunctionExists.c.o
/usr/bin/cc    -DCHECK_FUNCTION_EXISTS=pthread_create   -o CMakeFiles/cmTC_3843b.dir/CheckFunctionExists.c.o   -c /usr/share/cmake-3.5/Modules/CheckFunctionExists.c
Linking C executable cmTC_3843b
/usr/bin/cmake -E cmake_link_script CMakeFiles/cmTC_3843b.dir/link.txt --verbose=1
/usr/bin/cc   -DCHECK_FUNCTION_EXISTS=pthread_create    CMakeFiles/cmTC_3843b.dir/CheckFunctionExists.c.o  -o cmTC_3843b -rdynamic -lpthreads 
/usr/bin/ld: cannot find -lpthreads
collect2: error: ld returned 1 exit status
CMakeFiles/cmTC_3843b.dir/build.make:97: recipe for target 'cmTC_3843b' failed
make[1]: *** [cmTC_3843b] Error 1
make[1]: Leaving directory '/home/best_jill_forever/catkin_ws/build/image_undistort/CMakeFiles/CMakeTmp'
Makefile:126: recipe for target 'cmTC_3843b/fast' failed
make: *** [cmTC_3843b/fast] Error 2


