Determining if the pthread_create exist failed with the following output:
Change Dir: /home/best_jill_forever/catkin_ws/build/catkin_simple/CMakeFiles/CMakeTmp

Run Build Command:"/usr/bin/make" "cmTC_17127/fast"
/usr/bin/make -f CMakeFiles/cmTC_17127.dir/build.make CMakeFiles/cmTC_17127.dir/build
make[1]: Entering directory '/home/best_jill_forever/catkin_ws/build/catkin_simple/CMakeFiles/CMakeTmp'
Building C object CMakeFiles/cmTC_17127.dir/CheckSymbolExists.c.o
/usr/bin/cc     -o CMakeFiles/cmTC_17127.dir/CheckSymbolExists.c.o   -c /home/best_jill_forever/catkin_ws/build/catkin_simple/CMakeFiles/CMakeTmp/CheckSymbolExists.c
Linking C executable cmTC_17127
/usr/bin/cmake -E cmake_link_script CMakeFiles/cmTC_17127.dir/link.txt --verbose=1
/usr/bin/cc       CMakeFiles/cmTC_17127.dir/CheckSymbolExists.c.o  -o cmTC_17127 -rdynamic 
CMakeFiles/cmTC_17127.dir/CheckSymbolExists.c.o: In function `main':
CheckSymbolExists.c:(.text+0x16): undefined reference to `pthread_create'
collect2: error: ld returned 1 exit status
CMakeFiles/cmTC_17127.dir/build.make:97: recipe for target 'cmTC_17127' failed
make[1]: *** [cmTC_17127] Error 1
make[1]: Leaving directory '/home/best_jill_forever/catkin_ws/build/catkin_simple/CMakeFiles/CMakeTmp'
Makefile:126: recipe for target 'cmTC_17127/fast' failed
make: *** [cmTC_17127/fast] Error 2

File /home/best_jill_forever/catkin_ws/build/catkin_simple/CMakeFiles/CMakeTmp/CheckSymbolExists.c:
/* */
#include <pthread.h>

int main(int argc, char** argv)
{
  (void)argv;
#ifndef pthread_create
  return ((int*)(&pthread_create))[argc];
#else
  (void)argc;
  return 0;
#endif
}

Determining if the function pthread_create exists in the pthreads failed with the following output:
Change Dir: /home/best_jill_forever/catkin_ws/build/catkin_simple/CMakeFiles/CMakeTmp

Run Build Command:"/usr/bin/make" "cmTC_944a5/fast"
/usr/bin/make -f CMakeFiles/cmTC_944a5.dir/build.make CMakeFiles/cmTC_944a5.dir/build
make[1]: Entering directory '/home/best_jill_forever/catkin_ws/build/catkin_simple/CMakeFiles/CMakeTmp'
Building C object CMakeFiles/cmTC_944a5.dir/CheckFunctionExists.c.o
/usr/bin/cc    -DCHECK_FUNCTION_EXISTS=pthread_create   -o CMakeFiles/cmTC_944a5.dir/CheckFunctionExists.c.o   -c /usr/share/cmake-3.5/Modules/CheckFunctionExists.c
Linking C executable cmTC_944a5
/usr/bin/cmake -E cmake_link_script CMakeFiles/cmTC_944a5.dir/link.txt --verbose=1
/usr/bin/cc   -DCHECK_FUNCTION_EXISTS=pthread_create    CMakeFiles/cmTC_944a5.dir/CheckFunctionExists.c.o  -o cmTC_944a5 -rdynamic -lpthreads 
/usr/bin/ld: cannot find -lpthreads
collect2: error: ld returned 1 exit status
CMakeFiles/cmTC_944a5.dir/build.make:97: recipe for target 'cmTC_944a5' failed
make[1]: *** [cmTC_944a5] Error 1
make[1]: Leaving directory '/home/best_jill_forever/catkin_ws/build/catkin_simple/CMakeFiles/CMakeTmp'
Makefile:126: recipe for target 'cmTC_944a5/fast' failed
make: *** [cmTC_944a5/fast] Error 2


