Determining if the pthread_create exist failed with the following output:
Change Dir: /home/best_jill_forever/catkin_ws/build/pangolin_catkin/CMakeFiles/CMakeTmp

Run Build Command:"/usr/bin/make" "cmTC_a1305/fast"
/usr/bin/make -f CMakeFiles/cmTC_a1305.dir/build.make CMakeFiles/cmTC_a1305.dir/build
make[1]: Entering directory '/home/best_jill_forever/catkin_ws/build/pangolin_catkin/CMakeFiles/CMakeTmp'
Building C object CMakeFiles/cmTC_a1305.dir/CheckSymbolExists.c.o
/usr/bin/cc     -o CMakeFiles/cmTC_a1305.dir/CheckSymbolExists.c.o   -c /home/best_jill_forever/catkin_ws/build/pangolin_catkin/CMakeFiles/CMakeTmp/CheckSymbolExists.c
Linking C executable cmTC_a1305
/usr/bin/cmake -E cmake_link_script CMakeFiles/cmTC_a1305.dir/link.txt --verbose=1
/usr/bin/cc       CMakeFiles/cmTC_a1305.dir/CheckSymbolExists.c.o  -o cmTC_a1305 -rdynamic 
CMakeFiles/cmTC_a1305.dir/CheckSymbolExists.c.o: In function `main':
CheckSymbolExists.c:(.text+0x16): undefined reference to `pthread_create'
collect2: error: ld returned 1 exit status
CMakeFiles/cmTC_a1305.dir/build.make:97: recipe for target 'cmTC_a1305' failed
make[1]: *** [cmTC_a1305] Error 1
make[1]: Leaving directory '/home/best_jill_forever/catkin_ws/build/pangolin_catkin/CMakeFiles/CMakeTmp'
Makefile:126: recipe for target 'cmTC_a1305/fast' failed
make: *** [cmTC_a1305/fast] Error 2

File /home/best_jill_forever/catkin_ws/build/pangolin_catkin/CMakeFiles/CMakeTmp/CheckSymbolExists.c:
/* */
#include <pthread.h>

int main(int argc, char** argv)
{
  (void)argv;
#ifndef pthread_create
  return ((int*)(&pthread_create))[argc];
#else
  (void)argc;
  return 0;
#endif
}

Determining if the function pthread_create exists in the pthreads failed with the following output:
Change Dir: /home/best_jill_forever/catkin_ws/build/pangolin_catkin/CMakeFiles/CMakeTmp

Run Build Command:"/usr/bin/make" "cmTC_b438c/fast"
/usr/bin/make -f CMakeFiles/cmTC_b438c.dir/build.make CMakeFiles/cmTC_b438c.dir/build
make[1]: Entering directory '/home/best_jill_forever/catkin_ws/build/pangolin_catkin/CMakeFiles/CMakeTmp'
Building C object CMakeFiles/cmTC_b438c.dir/CheckFunctionExists.c.o
/usr/bin/cc    -DCHECK_FUNCTION_EXISTS=pthread_create   -o CMakeFiles/cmTC_b438c.dir/CheckFunctionExists.c.o   -c /usr/share/cmake-3.5/Modules/CheckFunctionExists.c
Linking C executable cmTC_b438c
/usr/bin/cmake -E cmake_link_script CMakeFiles/cmTC_b438c.dir/link.txt --verbose=1
/usr/bin/cc   -DCHECK_FUNCTION_EXISTS=pthread_create    CMakeFiles/cmTC_b438c.dir/CheckFunctionExists.c.o  -o cmTC_b438c -rdynamic -lpthreads 
/usr/bin/ld: cannot find -lpthreads
collect2: error: ld returned 1 exit status
CMakeFiles/cmTC_b438c.dir/build.make:97: recipe for target 'cmTC_b438c' failed
make[1]: *** [cmTC_b438c] Error 1
make[1]: Leaving directory '/home/best_jill_forever/catkin_ws/build/pangolin_catkin/CMakeFiles/CMakeTmp'
Makefile:126: recipe for target 'cmTC_b438c/fast' failed
make: *** [cmTC_b438c/fast] Error 2


