Determining if the pthread_create exist failed with the following output:
Change Dir: /home/best_jill_forever/catkin_ws/build/gflags_catkin/gflags_src-prefix/src/gflags_src/CMakeFiles/CMakeTmp

Run Build Command:"/usr/bin/make" "cmTC_e98cc/fast"
make[3]: Entering directory '/home/best_jill_forever/catkin_ws/build/gflags_catkin/gflags_src-prefix/src/gflags_src/CMakeFiles/CMakeTmp'
/usr/bin/make -f CMakeFiles/cmTC_e98cc.dir/build.make CMakeFiles/cmTC_e98cc.dir/build
make[4]: Entering directory '/home/best_jill_forever/catkin_ws/build/gflags_catkin/gflags_src-prefix/src/gflags_src/CMakeFiles/CMakeTmp'
Building C object CMakeFiles/cmTC_e98cc.dir/CheckSymbolExists.c.o
/usr/bin/cc     -o CMakeFiles/cmTC_e98cc.dir/CheckSymbolExists.c.o   -c /home/best_jill_forever/catkin_ws/build/gflags_catkin/gflags_src-prefix/src/gflags_src/CMakeFiles/CMakeTmp/CheckSymbolExists.c
Linking C executable cmTC_e98cc
/usr/bin/cmake -E cmake_link_script CMakeFiles/cmTC_e98cc.dir/link.txt --verbose=1
/usr/bin/cc       CMakeFiles/cmTC_e98cc.dir/CheckSymbolExists.c.o  -o cmTC_e98cc -rdynamic 
CMakeFiles/cmTC_e98cc.dir/CheckSymbolExists.c.o: In function `main':
CheckSymbolExists.c:(.text+0x16): undefined reference to `pthread_create'
collect2: error: ld returned 1 exit status
CMakeFiles/cmTC_e98cc.dir/build.make:97: recipe for target 'cmTC_e98cc' failed
make[4]: *** [cmTC_e98cc] Error 1
make[4]: Leaving directory '/home/best_jill_forever/catkin_ws/build/gflags_catkin/gflags_src-prefix/src/gflags_src/CMakeFiles/CMakeTmp'
Makefile:126: recipe for target 'cmTC_e98cc/fast' failed
make[3]: *** [cmTC_e98cc/fast] Error 2
make[3]: Leaving directory '/home/best_jill_forever/catkin_ws/build/gflags_catkin/gflags_src-prefix/src/gflags_src/CMakeFiles/CMakeTmp'

File /home/best_jill_forever/catkin_ws/build/gflags_catkin/gflags_src-prefix/src/gflags_src/CMakeFiles/CMakeTmp/CheckSymbolExists.c:
/* */
#include <pthread.h>

int main(int argc, char** argv)
{
  (void)argv;
#ifndef pthread_create
  return ((int*)(&pthread_create))[argc];
#else
  (void)argc;
  return 0;
#endif
}

Determining if the function pthread_create exists in the pthreads failed with the following output:
Change Dir: /home/best_jill_forever/catkin_ws/build/gflags_catkin/gflags_src-prefix/src/gflags_src/CMakeFiles/CMakeTmp

Run Build Command:"/usr/bin/make" "cmTC_4bdc6/fast"
make[3]: Entering directory '/home/best_jill_forever/catkin_ws/build/gflags_catkin/gflags_src-prefix/src/gflags_src/CMakeFiles/CMakeTmp'
/usr/bin/make -f CMakeFiles/cmTC_4bdc6.dir/build.make CMakeFiles/cmTC_4bdc6.dir/build
make[4]: Entering directory '/home/best_jill_forever/catkin_ws/build/gflags_catkin/gflags_src-prefix/src/gflags_src/CMakeFiles/CMakeTmp'
Building C object CMakeFiles/cmTC_4bdc6.dir/CheckFunctionExists.c.o
/usr/bin/cc    -DCHECK_FUNCTION_EXISTS=pthread_create   -o CMakeFiles/cmTC_4bdc6.dir/CheckFunctionExists.c.o   -c /usr/share/cmake-3.5/Modules/CheckFunctionExists.c
Linking C executable cmTC_4bdc6
/usr/bin/cmake -E cmake_link_script CMakeFiles/cmTC_4bdc6.dir/link.txt --verbose=1
/usr/bin/cc   -DCHECK_FUNCTION_EXISTS=pthread_create    CMakeFiles/cmTC_4bdc6.dir/CheckFunctionExists.c.o  -o cmTC_4bdc6 -rdynamic -lpthreads 
/usr/bin/ld: cannot find -lpthreads
collect2: error: ld returned 1 exit status
CMakeFiles/cmTC_4bdc6.dir/build.make:97: recipe for target 'cmTC_4bdc6' failed
make[4]: *** [cmTC_4bdc6] Error 1
make[4]: Leaving directory '/home/best_jill_forever/catkin_ws/build/gflags_catkin/gflags_src-prefix/src/gflags_src/CMakeFiles/CMakeTmp'
Makefile:126: recipe for target 'cmTC_4bdc6/fast' failed
make[3]: *** [cmTC_4bdc6/fast] Error 2
make[3]: Leaving directory '/home/best_jill_forever/catkin_ws/build/gflags_catkin/gflags_src-prefix/src/gflags_src/CMakeFiles/CMakeTmp'


