Determining if the pthread_create exist failed with the following output:
Change Dir: /home/best_jill_forever/catkin_ws/build/gflags_catkin/CMakeFiles/CMakeTmp

Run Build Command:"/usr/bin/make" "cmTC_a820d/fast"
/usr/bin/make -f CMakeFiles/cmTC_a820d.dir/build.make CMakeFiles/cmTC_a820d.dir/build
make[1]: Entering directory '/home/best_jill_forever/catkin_ws/build/gflags_catkin/CMakeFiles/CMakeTmp'
Building C object CMakeFiles/cmTC_a820d.dir/CheckSymbolExists.c.o
/usr/bin/cc     -o CMakeFiles/cmTC_a820d.dir/CheckSymbolExists.c.o   -c /home/best_jill_forever/catkin_ws/build/gflags_catkin/CMakeFiles/CMakeTmp/CheckSymbolExists.c
Linking C executable cmTC_a820d
/usr/bin/cmake -E cmake_link_script CMakeFiles/cmTC_a820d.dir/link.txt --verbose=1
/usr/bin/cc       CMakeFiles/cmTC_a820d.dir/CheckSymbolExists.c.o  -o cmTC_a820d -rdynamic 
CMakeFiles/cmTC_a820d.dir/CheckSymbolExists.c.o: In function `main':
CheckSymbolExists.c:(.text+0x16): undefined reference to `pthread_create'
collect2: error: ld returned 1 exit status
CMakeFiles/cmTC_a820d.dir/build.make:97: recipe for target 'cmTC_a820d' failed
make[1]: *** [cmTC_a820d] Error 1
make[1]: Leaving directory '/home/best_jill_forever/catkin_ws/build/gflags_catkin/CMakeFiles/CMakeTmp'
Makefile:126: recipe for target 'cmTC_a820d/fast' failed
make: *** [cmTC_a820d/fast] Error 2

File /home/best_jill_forever/catkin_ws/build/gflags_catkin/CMakeFiles/CMakeTmp/CheckSymbolExists.c:
/* */
#include <pthread.h>

int main(int argc, char** argv)
{
  (void)argv;
#ifndef pthread_create
  return ((int*)(&pthread_create))[argc];
#else
  (void)argc;
  return 0;
#endif
}

Determining if the function pthread_create exists in the pthreads failed with the following output:
Change Dir: /home/best_jill_forever/catkin_ws/build/gflags_catkin/CMakeFiles/CMakeTmp

Run Build Command:"/usr/bin/make" "cmTC_b61ca/fast"
/usr/bin/make -f CMakeFiles/cmTC_b61ca.dir/build.make CMakeFiles/cmTC_b61ca.dir/build
make[1]: Entering directory '/home/best_jill_forever/catkin_ws/build/gflags_catkin/CMakeFiles/CMakeTmp'
Building C object CMakeFiles/cmTC_b61ca.dir/CheckFunctionExists.c.o
/usr/bin/cc    -DCHECK_FUNCTION_EXISTS=pthread_create   -o CMakeFiles/cmTC_b61ca.dir/CheckFunctionExists.c.o   -c /usr/share/cmake-3.5/Modules/CheckFunctionExists.c
Linking C executable cmTC_b61ca
/usr/bin/cmake -E cmake_link_script CMakeFiles/cmTC_b61ca.dir/link.txt --verbose=1
/usr/bin/cc   -DCHECK_FUNCTION_EXISTS=pthread_create    CMakeFiles/cmTC_b61ca.dir/CheckFunctionExists.c.o  -o cmTC_b61ca -rdynamic -lpthreads 
/usr/bin/ld: cannot find -lpthreads
collect2: error: ld returned 1 exit status
CMakeFiles/cmTC_b61ca.dir/build.make:97: recipe for target 'cmTC_b61ca' failed
make[1]: *** [cmTC_b61ca] Error 1
make[1]: Leaving directory '/home/best_jill_forever/catkin_ws/build/gflags_catkin/CMakeFiles/CMakeTmp'
Makefile:126: recipe for target 'cmTC_b61ca/fast' failed
make: *** [cmTC_b61ca/fast] Error 2


